2020-04-19 22:58:37.957  INFO 9948 --- [restartedMain] c.nuange.community.CommunityApplication  : Starting CommunityApplication on PC-20190309UXKJ with PID 9948 (C:\workplace\community\target\classes started by Administrator in C:\workplace\community)
2020-04-19 22:58:37.972 DEBUG 9948 --- [restartedMain] c.nuange.community.CommunityApplication  : Running with Spring Boot v2.2.6.RELEASE, Spring v5.2.5.RELEASE
2020-04-19 22:58:37.975  INFO 9948 --- [restartedMain] c.nuange.community.CommunityApplication  : No active profile set, falling back to default profiles: default
2020-04-19 22:58:38.467  INFO 9948 --- [restartedMain] .e.DevToolsPropertyDefaultsPostProcessor : Devtools property defaults active! Set 'spring.devtools.add-properties' to 'false' to disable
2020-04-19 22:58:38.471  INFO 9948 --- [restartedMain] .e.DevToolsPropertyDefaultsPostProcessor : For additional web related logging consider setting the 'logging.level.web' property to 'DEBUG'
2020-04-19 22:58:43.930  INFO 9948 --- [restartedMain] o.s.b.w.embedded.tomcat.TomcatWebServer  : Tomcat initialized with port(s): 7779 (http)
2020-04-19 22:58:43.961  INFO 9948 --- [restartedMain] o.apache.catalina.core.StandardService   : Starting service [Tomcat]
2020-04-19 22:58:43.963  INFO 9948 --- [restartedMain] org.apache.catalina.core.StandardEngine  : Starting Servlet engine: [Apache Tomcat/9.0.33]
2020-04-19 22:58:44.358  INFO 9948 --- [restartedMain] o.a.c.c.C.[.[localhost].[/community]     : Initializing Spring embedded WebApplicationContext
2020-04-19 22:58:44.358  INFO 9948 --- [restartedMain] o.s.web.context.ContextLoader            : Root WebApplicationContext: initialization completed in 5887 ms
2020-04-19 22:58:46.138  INFO 9948 --- [restartedMain] o.s.s.concurrent.ThreadPoolTaskExecutor  : Initializing ExecutorService 'applicationTaskExecutor'
2020-04-19 22:58:46.363  INFO 9948 --- [restartedMain] o.s.b.a.w.s.WelcomePageHandlerMapping    : Adding welcome page template: index
2020-04-19 22:58:47.013  INFO 9948 --- [restartedMain] o.s.b.d.a.OptionalLiveReloadServer       : LiveReload server is running on port 35729
2020-04-19 22:58:47.190  INFO 9948 --- [restartedMain] o.s.b.w.embedded.tomcat.TomcatWebServer  : Tomcat started on port(s): 7779 (http) with context path '/community'
2020-04-19 22:58:47.206  INFO 9948 --- [restartedMain] c.nuange.community.CommunityApplication  : Started CommunityApplication in 11.609 seconds (JVM running for 18.331)
2020-04-19 22:58:50.595  INFO 9948 --- [http-nio-7779-exec-1] o.a.c.c.C.[.[localhost].[/community]     : Initializing Spring DispatcherServlet 'dispatcherServlet'
2020-04-19 22:58:50.597  INFO 9948 --- [http-nio-7779-exec-1] o.s.web.servlet.DispatcherServlet        : Initializing Servlet 'dispatcherServlet'
2020-04-19 22:58:50.626  INFO 9948 --- [http-nio-7779-exec-1] o.s.web.servlet.DispatcherServlet        : Completed initialization in 29 ms
2020-04-19 22:58:50.961  INFO 9948 --- [http-nio-7779-exec-1] com.zaxxer.hikari.HikariDataSource       : HikariPool-1 - Starting...
2020-04-19 22:58:51.760  INFO 9948 --- [http-nio-7779-exec-1] com.zaxxer.hikari.HikariDataSource       : HikariPool-1 - Start completed.
2020-04-19 22:58:51.796 DEBUG 9948 --- [http-nio-7779-exec-1] c.n.c.d.D.selectDiscussPostRows          : ==>  Preparing: select count(id) from discuss_post where status !=2 
2020-04-19 22:58:51.884 DEBUG 9948 --- [http-nio-7779-exec-1] c.n.c.d.D.selectDiscussPostRows          : ==> Parameters: 
2020-04-19 22:58:51.973 DEBUG 9948 --- [http-nio-7779-exec-1] c.n.c.d.D.selectDiscussPostRows          : <==      Total: 1
2020-04-19 22:58:52.009 DEBUG 9948 --- [http-nio-7779-exec-1] c.n.c.d.D.selectDiscussPost              : ==>  Preparing: select id,user_id,title,content,type,status,create_time,comment_count,score from discuss_post where status !=2 order by type desc,create_time desc limit ?,? 
2020-04-19 22:58:52.017 DEBUG 9948 --- [http-nio-7779-exec-1] c.n.c.d.D.selectDiscussPost              : ==> Parameters: 60(Integer), 10(Integer)
2020-04-19 22:58:52.051 DEBUG 9948 --- [http-nio-7779-exec-1] c.n.c.d.D.selectDiscussPost              : <==      Total: 10
2020-04-19 22:58:52.058 DEBUG 9948 --- [http-nio-7779-exec-1] c.n.community.dao.UserMapper.selectById  : ==>  Preparing: select id,username,password,salt,email,type,status,activation_code,header_url,create_time from user where id = ? 
2020-04-19 22:58:52.059 DEBUG 9948 --- [http-nio-7779-exec-1] c.n.community.dao.UserMapper.selectById  : ==> Parameters: 103(Integer)
2020-04-19 22:58:52.084 DEBUG 9948 --- [http-nio-7779-exec-1] c.n.community.dao.UserMapper.selectById  : <==      Total: 1
2020-04-19 22:58:52.085 DEBUG 9948 --- [http-nio-7779-exec-1] c.n.community.dao.UserMapper.selectById  : ==>  Preparing: select id,username,password,salt,email,type,status,activation_code,header_url,create_time from user where id = ? 
2020-04-19 22:58:52.087 DEBUG 9948 --- [http-nio-7779-exec-1] c.n.community.dao.UserMapper.selectById  : ==> Parameters: 103(Integer)
2020-04-19 22:58:52.105 DEBUG 9948 --- [http-nio-7779-exec-1] c.n.community.dao.UserMapper.selectById  : <==      Total: 1
2020-04-19 22:58:52.109 DEBUG 9948 --- [http-nio-7779-exec-1] c.n.community.dao.UserMapper.selectById  : ==>  Preparing: select id,username,password,salt,email,type,status,activation_code,header_url,create_time from user where id = ? 
2020-04-19 22:58:52.110 DEBUG 9948 --- [http-nio-7779-exec-1] c.n.community.dao.UserMapper.selectById  : ==> Parameters: 103(Integer)
2020-04-19 22:58:52.122 DEBUG 9948 --- [http-nio-7779-exec-1] c.n.community.dao.UserMapper.selectById  : <==      Total: 1
2020-04-19 22:58:52.125 DEBUG 9948 --- [http-nio-7779-exec-1] c.n.community.dao.UserMapper.selectById  : ==>  Preparing: select id,username,password,salt,email,type,status,activation_code,header_url,create_time from user where id = ? 
2020-04-19 22:58:52.130 DEBUG 9948 --- [http-nio-7779-exec-1] c.n.community.dao.UserMapper.selectById  : ==> Parameters: 103(Integer)
2020-04-19 22:58:52.136 DEBUG 9948 --- [http-nio-7779-exec-1] c.n.community.dao.UserMapper.selectById  : <==      Total: 1
2020-04-19 22:58:52.138 DEBUG 9948 --- [http-nio-7779-exec-1] c.n.community.dao.UserMapper.selectById  : ==>  Preparing: select id,username,password,salt,email,type,status,activation_code,header_url,create_time from user where id = ? 
2020-04-19 22:58:52.139 DEBUG 9948 --- [http-nio-7779-exec-1] c.n.community.dao.UserMapper.selectById  : ==> Parameters: 103(Integer)
2020-04-19 22:58:52.147 DEBUG 9948 --- [http-nio-7779-exec-1] c.n.community.dao.UserMapper.selectById  : <==      Total: 1
2020-04-19 22:58:52.150 DEBUG 9948 --- [http-nio-7779-exec-1] c.n.community.dao.UserMapper.selectById  : ==>  Preparing: select id,username,password,salt,email,type,status,activation_code,header_url,create_time from user where id = ? 
2020-04-19 22:58:52.152 DEBUG 9948 --- [http-nio-7779-exec-1] c.n.community.dao.UserMapper.selectById  : ==> Parameters: 103(Integer)
2020-04-19 22:58:52.162 DEBUG 9948 --- [http-nio-7779-exec-1] c.n.community.dao.UserMapper.selectById  : <==      Total: 1
2020-04-19 22:58:52.164 DEBUG 9948 --- [http-nio-7779-exec-1] c.n.community.dao.UserMapper.selectById  : ==>  Preparing: select id,username,password,salt,email,type,status,activation_code,header_url,create_time from user where id = ? 
2020-04-19 22:58:52.165 DEBUG 9948 --- [http-nio-7779-exec-1] c.n.community.dao.UserMapper.selectById  : ==> Parameters: 103(Integer)
2020-04-19 22:58:52.171 DEBUG 9948 --- [http-nio-7779-exec-1] c.n.community.dao.UserMapper.selectById  : <==      Total: 1
2020-04-19 22:58:52.173 DEBUG 9948 --- [http-nio-7779-exec-1] c.n.community.dao.UserMapper.selectById  : ==>  Preparing: select id,username,password,salt,email,type,status,activation_code,header_url,create_time from user where id = ? 
2020-04-19 22:58:52.176 DEBUG 9948 --- [http-nio-7779-exec-1] c.n.community.dao.UserMapper.selectById  : ==> Parameters: 103(Integer)
2020-04-19 22:58:52.185 DEBUG 9948 --- [http-nio-7779-exec-1] c.n.community.dao.UserMapper.selectById  : <==      Total: 1
2020-04-19 22:58:52.188 DEBUG 9948 --- [http-nio-7779-exec-1] c.n.community.dao.UserMapper.selectById  : ==>  Preparing: select id,username,password,salt,email,type,status,activation_code,header_url,create_time from user where id = ? 
2020-04-19 22:58:52.190 DEBUG 9948 --- [http-nio-7779-exec-1] c.n.community.dao.UserMapper.selectById  : ==> Parameters: 103(Integer)
2020-04-19 22:58:52.202 DEBUG 9948 --- [http-nio-7779-exec-1] c.n.community.dao.UserMapper.selectById  : <==      Total: 1
2020-04-19 22:58:52.203 DEBUG 9948 --- [http-nio-7779-exec-1] c.n.community.dao.UserMapper.selectById  : ==>  Preparing: select id,username,password,salt,email,type,status,activation_code,header_url,create_time from user where id = ? 
2020-04-19 22:58:52.205 DEBUG 9948 --- [http-nio-7779-exec-1] c.n.community.dao.UserMapper.selectById  : ==> Parameters: 103(Integer)
2020-04-19 22:58:52.217 DEBUG 9948 --- [http-nio-7779-exec-1] c.n.community.dao.UserMapper.selectById  : <==      Total: 1
